<?xml version="1.0" encoding="UTF-8"?>
<!-- Generated by org.testng.reporters.JUnitReportReporter -->
<testsuite skipped="0" hostname="MacBook-de-mac.local" name="TestNG.addressbook" tests="1" failures="0" timestamp="08 Mar 2019 19:51:24 GMT" time="8.590" errors="0">
  <testcase name="verifyAddBook" time="8.590" classname="TestNG.addressbook"/>
</testsuite> <!-- TestNG.addressbook -->
